<?xml version="1.0" encoding="UTF-8"?>
<!-- Generated by org.testng.reporters.JUnitReportReporter -->
<testsuite hostname="DESKTOP-48QJF78" failures="0" tests="1" name="testCase.TC_001$TestClass" time="115.181" errors="0" timestamp="2021-12-30T15:04:58 BDT" skipped="0">
  <testcase classname="testCase.TC_001$TestClass" name="testNavbar" time="115.181"/>
  <system-out/>
</testsuite> <!-- testCase.TC_001$TestClass -->
